<?xml version="1.0" encoding="UTF-8"?>
<testng-results skipped="1" failed="0" total="1" passed="0">
  <reporter-output>
  </reporter-output>
  <suite name="Default suite" duration-ms="761" started-at="2020-02-13T23:22:01Z" finished-at="2020-02-13T23:22:02Z">
    <groups>
    </groups>
    <test name="Default test" duration-ms="761" started-at="2020-02-13T23:22:01Z" finished-at="2020-02-13T23:22:02Z">
      <class name="TestCases_JAN26.LoginTestWithDataProvider">
        <test-method status="PASS" signature="setupReport()[pri:0, instance:TestCases_JAN26.LoginTestWithDataProvider@3bfdc050]" name="setupReport" is-config="true" duration-ms="344" started-at="2020-02-13T18:22:01Z" finished-at="2020-02-13T18:22:01Z">
          <reporter-output>
          </reporter-output>
        </test-method> <!-- setupReport -->
        <test-method status="PASS" signature="setupBrowser()[pri:0, instance:TestCases_JAN26.LoginTestWithDataProvider@3bfdc050]" name="setupBrowser" is-config="true" duration-ms="0" started-at="2020-02-13T18:22:01Z" finished-at="2020-02-13T18:22:01Z">
          <reporter-output>
          </reporter-output>
        </test-method> <!-- setupBrowser -->
        <test-method status="SKIP" signature="loginToAp(java.lang.String, java.lang.String)[pri:0, instance:TestCases_JAN26.LoginTestWithDataProvider@3bfdc050]" name="loginToAp" duration-ms="0" started-at="2020-02-13T18:22:02Z" data-provider="LoginData" finished-at="2020-02-13T18:22:02Z">
          <exception class="java.lang.RuntimeException">
            <message>
              <![CDATA[java.lang.NullPointerException]]>
            </message>
            <full-stacktrace>
              <![CDATA[java.lang.RuntimeException: java.lang.NullPointerException
	at org.testng.internal.MethodInvocationHelper.invokeDataProvider(MethodInvocationHelper.java:163)
	at org.testng.internal.Parameters.handleParameters(Parameters.java:430)
	at org.testng.internal.Invoker.handleParameters(Invoker.java:1274)
	at org.testng.internal.Invoker.createParameters(Invoker.java:989)
	at org.testng.internal.Invoker.invokeTestMethods(Invoker.java:1079)
	at org.testng.internal.TestMethodWorker.invokeTestMethods(TestMethodWorker.java:129)
	at org.testng.internal.TestMethodWorker.run(TestMethodWorker.java:112)
	at org.testng.TestRunner.privateRun(TestRunner.java:782)
	at org.testng.TestRunner.run(TestRunner.java:632)
	at org.testng.SuiteRunner.runTest(SuiteRunner.java:366)
	at org.testng.SuiteRunner.runSequentially(SuiteRunner.java:361)
	at org.testng.SuiteRunner.privateRun(SuiteRunner.java:319)
	at org.testng.SuiteRunner.run(SuiteRunner.java:268)
	at org.testng.SuiteRunnerWorker.runSuite(SuiteRunnerWorker.java:52)
	at org.testng.SuiteRunnerWorker.run(SuiteRunnerWorker.java:86)
	at org.testng.TestNG.runSuitesSequentially(TestNG.java:1244)
	at org.testng.TestNG.runSuitesLocally(TestNG.java:1169)
	at org.testng.TestNG.run(TestNG.java:1064)
	at org.testng.remote.AbstractRemoteTestNG.run(AbstractRemoteTestNG.java:115)
	at org.testng.remote.RemoteTestNG.initAndRun(RemoteTestNG.java:251)
	at org.testng.remote.RemoteTestNG.main(RemoteTestNG.java:77)
Caused by: java.lang.NullPointerException
	at DataProvidorFactory_JAN26.ExcelDataProvider.getRows(ExcelDataProvider.java:45)
	at TestCases_JAN26.LoginTestWithDataProvider.getDataFromSources(LoginTestWithDataProvider.java:47)
	at sun.reflect.NativeMethodAccessorImpl.invoke0(Native Method)
	at sun.reflect.NativeMethodAccessorImpl.invoke(Unknown Source)
	at sun.reflect.DelegatingMethodAccessorImpl.invoke(Unknown Source)
	at java.lang.reflect.Method.invoke(Unknown Source)
	at org.testng.internal.MethodInvocationHelper.invokeMethod(MethodInvocationHelper.java:86)
	at org.testng.internal.MethodInvocationHelper.invokeDataProvider(MethodInvocationHelper.java:137)
	... 20 more
]]>
            </full-stacktrace>
          </exception> <!-- java.lang.RuntimeException -->
          <reporter-output>
          </reporter-output>
        </test-method> <!-- loginToAp -->
      </class> <!-- TestCases_JAN26.LoginTestWithDataProvider -->
    </test> <!-- Default test -->
  </suite> <!-- Default suite -->
</testng-results>
